<?xml version="1.0" encoding="UTF-8"?>
<!-- Generated by org.testng.reporters.JUnitReportReporter -->
<testsuite skipped="0" hostname="DESKTOP-ONH3S9L" name="testCases.TC002_CreateLead" tests="1" failures="0" timestamp="23 May 2020 07:34:14 GMT" time="38.947" errors="0">
  <testcase name="createLead" time="38.947" classname="testCases.TC002_CreateLead"/>
</testsuite> <!-- testCases.TC002_CreateLead -->
