<?xml version="1.0" encoding="UTF-8"?>
<!-- Generated by org.testng.reporters.JUnitReportReporter -->
<testsuite skipped="0" hostname="DESKTOP-ONH3S9L" name="steps.RunnerFile" tests="3" failures="0" timestamp="09 Sep 2020 03:46:47 GMT" time="54.775" errors="0">
  <testcase name="runScenario" time="27.838" classname="steps.RunnerFile"/>
  <testcase name="runScenario" time="14.567" classname="steps.RunnerFile"/>
  <testcase name="runScenario" time="12.370" classname="steps.RunnerFile"/>
</testsuite> <!-- steps.RunnerFile -->
